% mean class accuracy (train set)	
 9.6832e+01	
 9.7225e+01	
 9.7362e+01	
 9.7510e+01	
 9.7628e+01	
 9.7719e+01	
 9.7771e+01	
 9.7818e+01	
 9.7852e+01	
 9.7888e+01	
 9.7910e+01	
 9.7938e+01	
 9.7965e+01	
 9.7978e+01	
 9.7997e+01	
 9.8006e+01	
 9.8021e+01	
 9.8034e+01	
 9.8048e+01	
 9.8055e+01	
 9.8069e+01	
 9.8074e+01	
 9.8086e+01	
 9.8092e+01	
 9.8096e+01	
 9.8109e+01	
 9.8111e+01	
 9.8121e+01	
 9.8126e+01	
 9.8128e+01	
 9.8137e+01	
 9.8141e+01	
 9.8145e+01	
 9.8148e+01	
 9.8155e+01	
 9.8158e+01	
 9.8160e+01	
 9.8166e+01	
 9.8170e+01	
 9.8174e+01	
 9.8176e+01	
 9.8180e+01	
