% grad norm (train set)	
 6.2649e-01	
 2.3268e+00	
 4.5726e+00	
 4.0495e+00	
 3.4741e+00	
 1.3662e+00	
 1.0015e+00	
 9.3788e-01	
 1.0005e+00	
 7.9212e-01	
 2.6915e+00	
 2.1916e+00	
 5.1058e-01	
 1.0516e+00	
 1.2774e+00	
 1.9959e+00	
        nan	
        nan	
        nan	
        nan	
        nan	
        nan	
        nan	
        nan	
        nan	
        nan	
        nan	
        nan	
        nan	
        nan	
        nan	
        nan	
        nan	
        nan	
        nan	
        nan	
        nan	
        nan	
        nan	
        nan	
        nan	
        nan	
        nan	
        nan	
        nan	
        nan	
        nan	
        nan	
        nan	
        nan	
        nan	
        nan	
        nan	
        nan	
        nan	
        nan	
        nan	
        nan	
        nan	
        nan	
        nan	
        nan	
        nan	
        nan	
        nan	
        nan	
        nan	
        nan	
        nan	
        nan	
        nan	
        nan	
        nan	
        nan	
        nan	
        nan	
        nan	
        nan	
        nan	
        nan	
        nan	
        nan	
        nan	
        nan	
        nan	
        nan	
        nan	
        nan	
        nan	
        nan	
        nan	
        nan	
        nan	
        nan	
        nan	
        nan	
        nan	
        nan	
        nan	
        nan	
        nan	
        nan	
        nan	
        nan	
        nan	
        nan	
        nan	
        nan	
        nan	
        nan	
        nan	
        nan	
        nan	
        nan	
        nan	
        nan	
        nan	
        nan	
        nan	
        nan	
        nan	
        nan	
        nan	
        nan	
        nan	
        nan	
        nan	
        nan	
        nan	
        nan	
        nan	
        nan	
        nan	
        nan	
        nan	
        nan	
        nan	
        nan	
        nan	
        nan	
        nan	
        nan	
        nan	
        nan	
